1541330935021	mozrunner::runner	INFO	Running command: "C:\\Program Files\\Mozilla Firefox\\firefox.exe" "-marionette" "-foreground" "-no-remote" "-profile" "C:\\Users\\sirne\\AppData\\Local\\Temp\\rust_mozprofile.gZGqtVTlwpWE"
1541330939952	Marionette	INFO	Listening on port 63295
1541330939987	Marionette	WARN	TLS certificate errors will be ignored for this session
JavaScript error: https://informatics.msk.ru/moodle/submits/view.php?group_id=10328, line 690: TypeError: data.result is undefined
1541330949668	Marionette	INFO	Stopped listening on port 63295
[Parent 17688, Gecko_IOThread] WARNING: pipe error: 109: file z:/build/build/src/ipc/chromium/src/chrome/common/ipc_channel_win.cc, line 346
[Parent 17688, Gecko_IOThread] WARNING: pipe error: 109: file z:/build/build/src/ipc/chromium/src/chrome/common/ipc_channel_win.cc, line 346
[Child 22032, Chrome_ChildThread] WARNING: pipe error: 109: file z:/build/build/src/ipc/chromium/src/chrome/common/ipc_channel_win.cc, line 346
[Child 22032, Chrome_ChildThread] WARNING: pipe error: 10[Child 19560, Chrome_ChildThread] WARNING: pipe error: 109: file z:/build/build/src/ipc/chromium/src/chrome/common/ipc_channel_win.cc, line 346
[Child 19560, Ch[Parent 17688, Gecko_IOThread] WARNING: pipe error: 109: file z:/build/build/src/ipc/chromium/src/chrome/common/ipc_channel_win.cc, line 346
[GPU 1606
###!!! [Child][RunMessage] Error: Channel closing: too late to send/recv, messages will be lost


###!!! [Child][MessageChannel::SendAndWait] Error: Channel error: cannot send/recv

1541330986943	mozrunner::runner	INFO	Running command: "C:\\Program Files\\Mozilla Firefox\\firefox.exe" "-marionette" "-foreground" "-no-remote" "-profile" "C:\\Users\\sirne\\AppData\\Local\\Temp\\rust_mozprofile.adfhR2mDBMgT"
1541330988944	Marionette	INFO	Listening on port 63480
1541330989067	Marionette	WARN	TLS certificate errors will be ignored for this session
JavaScript error: https://informatics.msk.ru/moodle/submits/view.php?group_id=10328, line 690: TypeError: data.result is undefined
1541330998311	Marionette	INFO	Stopped listening on port 63480
[Parent 776, Gecko_IOThread] WARNING: pipe error: 109: file z:/build/build/src/ipc/chromium/src/chrome/common/ipc_channel_win.cc, line 346
[Child 6252, Chrome_ChildThread] WARNING: pipe error: 109: file z:/build/build/src/ipc/chromium/src/chrome/common/ipc_channel_win.cc, line 346
[Child 6252, Chr[Child 11560, Chrome_ChildThread] WARNING: pipe error: 109: file z:/build/build/src/ipc/chromium/src/chrome/common/ipc_channel_win.cc, line 346
[Child 11560, Chrome_Child[Parent 776, Gecko_IOThread] WARNING: pipe error: 109: file z:/build/build/src/ipc/chromium/src/chrome/common/ipc_channel_win.cc, line 346
[Child 20672, Chrome_ChildThread] WARNING: pipe error: 109: file z:/build/build/src/ipc/chromium/src/chrome/common/ipc_channel_win.cc, line 346
[Child 20672
###!!! [Child][MessageChannel::SendAndWait] Error: Channel error: cannot send/recv

1541331024728	mozrunner::runner	INFO	Running command: "C:\\Program Files\\Mozilla Firefox\\firefox.exe" "-marionette" "-foreground" "-no-remote" "-profile" "C:\\Users\\sirne\\AppData\\Local\\Temp\\rust_mozprofile.UBjtrTEpadYT"
1541331026712	Marionette	INFO	Listening on port 63640
1541331026852	Marionette	WARN	TLS certificate errors will be ignored for this session
JavaScript error: https://informatics.msk.ru/moodle/submits/view.php?group_id=10328, line 690: TypeError: data.result is undefined
1541331046236	Marionette	INFO	Stopped listening on port 63640
[Parent 22020, Gecko_IOThread] WARNING: pipe error: 109: file z:/build/build/src/ipc/chromium/src/chrome/common/ipc_channel_win.cc, line 346
[Child 5564, Chrome_ChildThread] WARNING: pipe error: 109: file z:/build/build/src/ipc/chromium/src/chrome/common/ipc[_channel_win.cc, line 346Child 21476, Chrome_ChildThread] WARNING: pipe error: 109: file z:/build/build/src/ipc/chromium/src/chrome/common/ipc_channel_win.cc, line 346

[Child 55[Child 21476, Chrome_C[Parent 22020, Gecko_IOThread] WARNING: pipe error: 109: file z:/build/build/src/ipc/chromium/src/chrome/common/ipc_channel_win.cc, line 346
[Child 21688, Chrome_ChildThread] WARNING: pipe error: 109: file z:/build/build/src/ipc/chromium/src/chrome/common/ipc_channel_win.cc, line 346
[Child 216
###!!! [Child][RunMessage] Error: Channel closing: too late to send/recv, messages will be lost


###!!! [Child][MessageChannel::SendAndWait] Error: Channel error: cannot send/recv

1541331700010	mozrunner::runner	INFO	Running command: "C:\\Program Files\\Mozilla Firefox\\firefox.exe" "-marionette" "-foreground" "-no-remote" "-profile" "C:\\Users\\sirne\\AppData\\Local\\Temp\\rust_mozprofile.SFvyxldISnGT"
1541331702325	Marionette	INFO	Listening on port 54728
1541331702730	Marionette	WARN	TLS certificate errors will be ignored for this session
JavaScript error: https://informatics.msk.ru/moodle/submits/view.php?group_id=10328, line 690: TypeError: data.result is undefined
1541331712056	Marionette	INFO	Stopped listening on port 54728
[Child 21704, Chrome_ChildThread] WARNING: pipe error: 109: file z:/build/build/src/ipc/chromium/src/chrome/common/ipc_channel_win.cc, line 346
[Child 21[Child 18688, Chrome_ChildThread] WARNING: pipe error: 109: file z:/build/build/src/ipc/chromium/src/chrome/common/ipc_channel_win.cc, line 346
[Child 1868[Parent 13268, Gecko_IOThread] WARNING: pipe error: 109: file z:/build/build/src/ipc/chromium/src/chrome/common/ipc_channel_win.cc, line 346
[Child 10888, Chrome_ChildThread] WARNING: pipe error: 109: file z:/build/build/src/ipc/chromium/src/chrome/common/ipc_channel_win.cc, line 346
[Child 10888,[GPU 5936, C
###!!! [Child][RunMessage] Error: Channel closing: too late to send/recv, messages will be lost


###!!! [Child][MessageChannel::SendAndWait] Error: Channel error: cannot send/recv

1541331723165	mozrunner::runner	INFO	Running command: "C:\\Program Files\\Mozilla Firefox\\firefox.exe" "-marionette" "-foreground" "-no-remote" "-profile" "C:\\Users\\sirne\\AppData\\Local\\Temp\\rust_mozprofile.J9IwMtOWPRid"
1541331725271	Marionette	INFO	Listening on port 54842
1541331725281	Marionette	WARN	TLS certificate errors will be ignored for this session
JavaScript error: https://informatics.msk.ru/moodle/submits/view.php?group_id=10328, line 690: TypeError: data.result is undefined
[Parent 9060, Gecko_IOThread] WARNING: pipe error: 109: file z:/build/build/src/ipc/chromium/src/chrome/common/ipc_channel_win.cc, line 346
[Child 13048, Chrome_ChildThread] WARNING: pipe error: 109: file z:/build/build/src/ipc/chromium/src/chrome/common/ipc_channel_win.cc, line 346
[Child 8308, Chrome_ChildThread] WARNING: pipe error: 109: file z:/build/build/src/ipc/chromium/src/chrome/common/ipc_channel_win.cc, line 346
[Child[Parent 9060, Gecko_IOThread] WARNING: pipe error: 109: file z:/build/build/src/ipc/chromium/src/chrome/common/ipc_channel_win.cc, line 346
[Child 18228, Chrome_ChildThread] WARNING: pipe error: 109: file z:/build/build/src/ipc/chromium/src/chrome/common/ipc_channel_win.cc, line 346
[Child 182281541331795373	Marionette	INFO	Stopped listening on port 54842
[GPU 150
###!!! [Child][MessageChannel::SendAndWait] Error: Channel error: cannot send/recv

1541332807555	mozrunner::runner	INFO	Running command: "C:\\Program Files\\Mozilla Firefox\\firefox.exe" "-marionette" "-foreground" "-no-remote" "-profile" "C:\\Users\\sirne\\AppData\\Local\\Temp\\rust_mozprofile.l1c3Vwsg1jJy"
1541332812214	Marionette	INFO	Listening on port 64695
1541332812479	Marionette	WARN	TLS certificate errors will be ignored for this session
JavaScript error: https://informatics.msk.ru/moodle/submits/view.php?group_id=10328, line 690: TypeError: data.result is undefined
1541332822223	Marionette	INFO	Stopped listening on port 64695
[Parent 3352, Gecko_IOThread] WARNING: pipe error: 109: file z:/build/build/src/ipc/chromium/src/chrome/common/ipc_channel_win.cc, line 346
[Parent 3352, Gecko_IOThread] WARNING: pipe error: 109: file z:/build/build/src/ipc/chromium/src/chrome/common/ipc_channel_win.cc, line 346
[Child 20036, Chrome_ChildThread] WARNING: pipe error: 109: file z:/build/build/src/ipc/chromium/src/chrome/common/ipc_channel_win.cc, line 346
[Child 20036[Child 20500, Chrome_ChildThread] WARNING: pipe error: 109: file z:/build/build/src/ipc/chromium/src/chrome/common/ipc_channel_win.cc, line 346
[Child 20500, Chrom[Parent 3352, Gecko_IOThread] WARNING: pipe error: 109: file z:/build/build/src/ipc/chromium/src/chrome/common/ipc_channel_win.cc, line 346
[Child 21176, Chrome_ChildThread] WARNING: pipe error: 109: file z:/build/build/src/ipc/chromium/src/chrome/common/ipc_channel_win.cc, line 346
[Child 21176, C
###!!! [Child][RunMessage] Error: Channel closing: too late to send/recv, messages will be lost

[G
###!!! [Child][MessageChannel::SendAndWait] Error: Channel error: cannot send/recv

